


ARM Macro Assembler    Page 1 


    1 00000000         ;*******************************************************
                       *************************************************
    2 00000000         ;                                               uC/OS-II
                       
    3 00000000         ;                                         The Real-Time 
                       Kernel
    4 00000000         ;
    5 00000000         ;                               (c) Copyright 1992-2006,
                        Micrium, Weston, FL
    6 00000000         ;                                          All Rights Re
                       served
    7 00000000         ;
    8 00000000         ;                                           Generic ARM 
                       Port
    9 00000000         ;
   10 00000000         ; File      : OS_CPU_A.ASM
   11 00000000         ; Version   : V2.86
   12 00000000         ; By        : Jean J. Labrosse
   13 00000000         ;
   14 00000000         ; For       : Cortex-M0
   15 00000000         ; Mode      : Thumb2
   16 00000000         ; Toolchain : RealView Development Suite
   17 00000000         ;             RealView Microcontroller Development Kit (
                       MDK)
   18 00000000         ;             ARM Developer Suite (ADS)
   19 00000000         ;             Keil uVision
   20 00000000         ;*******************************************************
                       *************************************************
   21 00000000         
   22 00000000         ;*******************************************************
                       *************************************************
   23 00000000         ;                                           PUBLIC FUNCT
                       IONS
   24 00000000         ;*******************************************************
                       *************************************************
   25 00000000                 EXTERN           OSRunning   ; External referenc
                                                            es
   26 00000000                 EXTERN           OSPrioCur
   27 00000000                 EXTERN           OSPrioHighRdy
   28 00000000                 EXTERN           OSTCBCur
   29 00000000                 EXTERN           OSTCBHighRdy
   30 00000000                 EXTERN           OSIntNesting
   31 00000000                 EXTERN           OSIntExit
   32 00000000                 EXTERN           OSTaskSwHook
   33 00000000         
   34 00000000         
   35 00000000                 EXPORT           OS_CPU_SR_Save ; Functions decl
                                                            ared in this file
   36 00000000                 EXPORT           OS_CPU_SR_Restore
   37 00000000                 EXPORT           OSStartHighRdy
   38 00000000                 EXPORT           OSCtxSw
   39 00000000                 EXPORT           OSIntCtxSw
   40 00000000         
   41 00000000         
   42 00000000                 AREA             |.text|, CODE, READONLY, ALIGN=
2
   43 00000000                 THUMB
   44 00000000                 REQUIRE8
   45 00000000                 PRESERVE8



ARM Macro Assembler    Page 2 


   46 00000000         
   47 00000000         ;*******************************************************
                       *************************************************
   48 00000000         ;                                   CRITICAL SECTION MET
                       HOD 3 FUNCTIONS
   49 00000000         ;
   50 00000000         ; Description: Disable/Enable interrupts by preserving t
                       he state of interrupts.  Generally speaking you
   51 00000000         ;              would store the state of the interrupt di
                       sable flag in the local variable 'cpu_sr' and then
   52 00000000         ;              disable interrupts.  'cpu_sr' is allocate
                       d in all of uC/OS-II's functions that need to
   53 00000000         ;              disable interrupts.  You would restore th
                       e interrupt disable state by copying back 'cpu_sr'
   54 00000000         ;              into the CPU's status register.
   55 00000000         ;
   56 00000000         ; Prototypes :     OS_CPU_SR  OS_CPU_SR_Save(void);
   57 00000000         ;                  void       OS_CPU_SR_Restore(OS_CPU_S
                       R cpu_sr);
   58 00000000         ;
   59 00000000         ;
   60 00000000         ; Note(s)    : 1) These functions are used in general li
                       ke this:
   61 00000000         ;
   62 00000000         ;                 void Task (void *p_arg)
   63 00000000         ;                 {
   64 00000000         ;                 #if OS_CRITICAL_METHOD == 3          /
                       * Allocate storage for CPU status register */
   65 00000000         ;                     OS_CPU_SR  cpu_sr;
   66 00000000         ;                 #endif
   67 00000000         ;
   68 00000000         ;                          :
   69 00000000         ;                          :
   70 00000000         ;                     OS_ENTER_CRITICAL();             /
                       * cpu_sr = OS_CPU_SaveSR();                */
   71 00000000         ;                          :
   72 00000000         ;                          :
   73 00000000         ;                     OS_EXIT_CRITICAL();              /
                       * OS_CPU_RestoreSR(cpu_sr);                */
   74 00000000         ;                          :
   75 00000000         ;                          :
   76 00000000         ;                 }
   77 00000000         ;*******************************************************
                       *************************************************
   78 00000000         
   79 00000000         OS_CPU_SR_Save
   80 00000000 F3EF 8010       MRS              R0, PRIMASK ; Set prio int mask
                                                             to mask all (excep
                                                            t faults)
   81 00000004 B672            CPSID            I
   82 00000006 4770            BX               LR
   83 00000008         
   84 00000008         
   85 00000008         OS_CPU_SR_Restore
   86 00000008 F380 8810       MSR              PRIMASK, R0
   87 0000000C 4770            BX               LR
   88 0000000E         
   89 0000000E         
   90 0000000E         



ARM Macro Assembler    Page 3 


   91 0000000E         ;*******************************************************
                       *************************************************
   92 0000000E         ;                                          START MULTITA
                       SKING
   93 0000000E         ;                                       void OSStartHigh
                       Rdy(void)
   94 0000000E         ;
   95 0000000E         ; Note(s) : 1) This function triggers a PendSV exception
                        (essentially, causes a context switch) to cause
   96 0000000E         ;              the first task to start.
   97 0000000E         ;
   98 0000000E         ;           2) OSStartHighRdy() MUST:
   99 0000000E         ;              a) Setup PendSV exception priority to low
                       est;
  100 0000000E         ;              b) Set initial PSP to 0, to tell context 
                       switcher this is first run;
  101 0000000E         ;              c) Set OSRunning to TRUE;
  102 0000000E         ;              d) Trigger PendSV exception;
  103 0000000E         ;              e) Enable interrupts (tasks will run with
                        interrupts enabled).
  104 0000000E         ;*******************************************************
                       *************************************************
  105 0000000E         
  106 0000000E         OSStartHighRdy
  107 0000000E 4841            LDR              R0, __OS_TaskSwHook 
                                                            ; OSTaskSwHook();
  108 00000010 4780            BLX              R0
  109 00000012         
  110 00000012 4845            LDR              R0, __OS_Running 
                                                            ; OSRunning = TRUE;
                                                            
  111 00000014 2101            MOVS             R1, #1
  112 00000016 7001            STRB             R1, [R0]
  113 00000018         
  114 00000018         ; SWITCH TO HIGHEST PRIORITY TASK:
  115 00000018 4845            LDR              R0, __OS_TCBHighRdy ;   Get hig
                                                            hest priority task 
                                                            TCB address,
  116 0000001A 6801            LDR              R1, [R0]    ;   Get stack point
                                                            er,
  117 0000001C 680A            LDR              R2, [R1]
  118 0000001E F382 8808       MSR              MSP, R2     ;   Switch to the n
                                                            ew stack,
  119 00000022         
  120 00000022 BCFF            POP              {R0-R7}     ;   Pop new task's 
                                                            R8-R11 (into R0-R3)
                                                            , R4-R7
  121 00000024 4680            MOV              R8,  R0
  122 00000026 4689            MOV              R9,  R1
  123 00000028 4692            MOV              R10, R2
  124 0000002A 469B            MOV              R11, R3
  125 0000002C         
  126 0000002C         ; NORMAL FUNCTION RETURN (see Note #2)
  127 0000002C B004            ADD              SP, #0x10
  128 0000002E BC0F            POP              {R0-R3}     ;   Pop new task's 
                                                            R12, PC, LR, PSR in
                                                            to (R0, R1, R2, R3,
                                                             respectively)
  129 00000030 4684            MOV              R12, R0



ARM Macro Assembler    Page 4 


  130 00000032 468E            MOV              LR,  R1
  131 00000034 F383 8803       MSR              PSR, R3
  132 00000038         
  133 00000038 B404            PUSH             {R2}        ;   Save PC
  134 0000003A         
  135 0000003A B087            SUB              SP, #0x1C
  136 0000003C BC0F            POP              {R0-R3}     ;   Pop new task's 
                                                            R0-R3
  137 0000003E B003            ADD              SP, #0x0C
  138 00000040         
  139 00000040 B662            CPSIE            I           ;   Enable interrup
                                                            ts
  140 00000042         
  141 00000042 BD00            POP              {PC}        ;   Pop new task's 
                                                            PC
  142 00000044         
  143 00000044         
  144 00000044         
  145 00000044         ;*******************************************************
                       *************************************************
  146 00000044         ;                               PERFORM A CONTEXT SWITCH
                        (From task level)
  147 00000044         ;                                           void OSCtxSw
                       (void)
  148 00000044         ;
  149 00000044         ; Note(s) : 1) OSCtxSw() is called when OS wants to perf
                       orm a task context switch.  This function
  150 00000044         ;              triggers the PendSV exception which is wh
                       ere the real work is done.
  151 00000044         ;*******************************************************
                       *************************************************
  152 00000044         
  153 00000044         OSCtxSw
  154 00000044 B672            CPSID            I
  155 00000046 B084            SUB              SP,#0x10
  156 00000048 B40F            PUSH             {R0-R3}
  157 0000004A         
  158 0000004A B008            ADD              SP,#0x20
  159 0000004C F3EF 8303       MRS              R3, PSR
  160 00000050 4672            MOV              R2, LR
  161 00000052 4671            MOV              R1, LR
  162 00000054 4660            MOV              R0, R12
  163 00000056 B40F            PUSH             {R0-R3}
  164 00000058         
  165 00000058 B084            SUB              SP, #0x10
  166 0000005A 4640            MOV              R0, R8
  167 0000005C 4649            MOV              R1, R9
  168 0000005E 4652            MOV              R2, R10
  169 00000060 465B            MOV              R3, R11
  170 00000062 B4FF            PUSH             {R0-R7}
  171 00000064         
  172 00000064         
  173 00000064 F3EF 8008       MRS              R0, MSP
  174 00000068 4930            LDR              R1, __OS_TCBCur ; OSTCBCur->OST
                                                            CBStkPtr = SP;
  175 0000006A 6809            LDR              R1, [R1]
  176 0000006C 6008            STR              R0, [R1]
  177 0000006E         
  178 0000006E 4829            LDR              R0, __OS_TaskSwHook 



ARM Macro Assembler    Page 5 


                                                            ; OSTaskSwHook();
  179 00000070 4780            BLX              R0
  180 00000072         
  181 00000072 482B            LDR              R0, __OS_PrioCur ; OSPrioCur = 
                                                            OSPrioHighRdy;
  182 00000074 492B            LDR              R1, __OS_PrioHighRdy
  183 00000076 780A            LDRB             R2, [R1]
  184 00000078 7002            STRB             R2, [R0]
  185 0000007A         
  186 0000007A 482C            LDR              R0, __OS_TCBCur ; OSTCBCur  = O
                                                            STCBHighRdy;
  187 0000007C 492C            LDR              R1, __OS_TCBHighRdy
  188 0000007E 680A            LDR              R2, [R1]
  189 00000080 6002            STR              R2, [R0]
  190 00000082         
  191 00000082 6810            LDR              R0, [R2]    ; SP = OSTCBHighRdy
                                                            ->OSTCBStkPtr;
  192 00000084 F380 8808       MSR              MSP, R0
  193 00000088         
  194 00000088         ; RESTORE TASK's CONTEXT
  195 00000088 BCFF            POP              {R0-R7}     ;   Pop new task's 
                                                            R8-R11 (into R0-R3)
                                                            , R4-R7
  196 0000008A 4680            MOV              R8,  R0
  197 0000008C 4689            MOV              R9,  R1
  198 0000008E 4692            MOV              R10, R2
  199 00000090 469B            MOV              R11, R3
  200 00000092         
  201 00000092 B004            ADD              SP, #0x10
  202 00000094 BC0F            POP              {R0-R3}     ;   Pop new task's 
                                                            R12, PC, LR, PSR in
                                                            to (R0, R1, R2, R3,
                                                             respectively)
  203 00000096 4684            MOV              R12, R0
  204 00000098 468E            MOV              LR,  R1
  205 0000009A F383 8803       MSR              PSR, R3
  206 0000009E         
  207 0000009E B404            PUSH             {R2}        ;   Save PC
  208 000000A0         
  209 000000A0 B087            SUB              SP, #0x1C
  210 000000A2 BC0F            POP              {R0-R3}     ;   Pop new task's 
                                                            R0-R3
  211 000000A4 B003            ADD              SP, #0x0C
  212 000000A6 B662            CPSIE            I           ;   Enable interrup
                                                            ts
  213 000000A8 BD00            POP              {PC}
  214 000000AA BF00            NOP
  215 000000AC         
  216 000000AC         ;*******************************************************
                       *************************************************
  217 000000AC         ;                             PERFORM A CONTEXT SWITCH (
                       From interrupt level)
  218 000000AC         ;                                         void OSIntCtxS
                       w(void)
  219 000000AC         ;
  220 000000AC         ; Notes:    1) OSIntCtxSw() is called by OSIntExit() whe
                       n it determines a context switch is needed as
  221 000000AC         ;              the result of an interrupt.  This functio
                       n simply triggers a PendSV exception which will



ARM Macro Assembler    Page 6 


  222 000000AC         ;              be handled when there are no more interru
                       pts active and interrupts are enabled.
  223 000000AC         ;*******************************************************
                       *************************************************
  224 000000AC         
  225 000000AC         OSIntCtxSw
  226 000000AC B672            CPSID            I
  227 000000AE B084            SUB              SP,#0x10
  228 000000B0 B40F            PUSH             {R0-R3}
  229 000000B2         
  230 000000B2 B008            ADD              SP,#0x20
  231 000000B4 F3EF 8303       MRS              R3, PSR
  232 000000B8 4672            MOV              R2, LR
  233 000000BA 4671            MOV              R1, LR
  234 000000BC 4660            MOV              R0, R12
  235 000000BE B40F            PUSH             {R0-R3}
  236 000000C0         
  237 000000C0 B084            SUB              SP, #0x10
  238 000000C2 4640            MOV              R0, R8
  239 000000C4 4649            MOV              R1, R9
  240 000000C6 4652            MOV              R2, R10
  241 000000C8 465B            MOV              R3, R11
  242 000000CA B4FF            PUSH             {R0-R7}
  243 000000CC         
  244 000000CC         
  245 000000CC F3EF 8008       MRS              R0, MSP
  246 000000D0 4916            LDR              R1, __OS_TCBCur ; OSTCBCur->OST
                                                            CBStkPtr = SP;
  247 000000D2 6809            LDR              R1, [R1]
  248 000000D4 6008            STR              R0, [R1]
  249 000000D6         
  250 000000D6 480F            LDR              R0, __OS_TaskSwHook 
                                                            ; OSTaskSwHook();
  251 000000D8 4780            BLX              R0
  252 000000DA         
  253 000000DA 4811            LDR              R0, __OS_PrioCur ; OSPrioCur = 
                                                            OSPrioHighRdy;
  254 000000DC 4911            LDR              R1, __OS_PrioHighRdy
  255 000000DE 780A            LDRB             R2, [R1]
  256 000000E0 7002            STRB             R2, [R0]
  257 000000E2         
  258 000000E2 4812            LDR              R0, __OS_TCBCur ; OSTCBCur  = O
                                                            STCBHighRdy;
  259 000000E4 4912            LDR              R1, __OS_TCBHighRdy
  260 000000E6 680A            LDR              R2, [R1]
  261 000000E8 6002            STR              R2, [R0]
  262 000000EA         
  263 000000EA 6810            LDR              R0, [R2]    ; SP = OSTCBHighRdy
                                                            ->OSTCBStkPtr;
  264 000000EC F380 8808       MSR              MSP, R0
  265 000000F0         
  266 000000F0         ; RESTORE TASK's CONTEXT
  267 000000F0 BCFF            POP              {R0-R7}     ;   Pop new task's 
                                                            R8-R11 (into R0-R3)
                                                            , R4-R7
  268 000000F2 4680            MOV              R8,  R0
  269 000000F4 4689            MOV              R9,  R1
  270 000000F6 4692            MOV              R10, R2
  271 000000F8 469B            MOV              R11, R3



ARM Macro Assembler    Page 7 


  272 000000FA         
  273 000000FA B004            ADD              SP, #0x10
  274 000000FC BC0F            POP              {R0-R3}     ;   Pop new task's 
                                                            R12, PC, LR, PSR in
                                                            to (R0, R1, R2, R3,
                                                             respectively)
  275 000000FE 4684            MOV              R12, R0
  276 00000100 468E            MOV              LR,  R1
  277 00000102 F383 8803       MSR              PSR, R3
  278 00000106         
  279 00000106 B404            PUSH             {R2}        ;   Save PC
  280 00000108         
  281 00000108 B087            SUB              SP, #0x1C
  282 0000010A BC0F            POP              {R0-R3}     ;   Pop new task's 
                                                            R0-R3
  283 0000010C B003            ADD              SP, #0x0C
  284 0000010E B662            CPSIE            I           ;   Enable interrup
                                                            ts
  285 00000110 BD00            POP              {PC}
  286 00000112 BF00            NOP
  287 00000114         
  288 00000114         ;************************************
  289 00000114         ;全局变量定义
  290 00000114         ;************************************
  291 00000114         __OS_TaskSwHook
  292 00000114 00000000        DCD              OSTaskSwHook
  293 00000118         
  294 00000118         __OS_IntExit
  295 00000118 00000000        DCD              OSIntExit
  296 0000011C         
  297 0000011C         __OS_IntNesting
  298 0000011C 00000000        DCD              OSIntNesting
  299 00000120         
  300 00000120         __OS_PrioCur
  301 00000120 00000000        DCD              OSPrioCur
  302 00000124         
  303 00000124         __OS_PrioHighRdy
  304 00000124 00000000        DCD              OSPrioHighRdy
  305 00000128         
  306 00000128         __OS_Running
  307 00000128 00000000        DCD              OSRunning
  308 0000012C         
  309 0000012C         __OS_TCBCur
  310 0000012C 00000000        DCD              OSTCBCur
  311 00000130         
  312 00000130         __OS_TCBHighRdy
  313 00000130 00000000        DCD              OSTCBHighRdy
  314 00000134         
  315 00000134                 END
Command Line: --debug --xref --diag_suppress=9931 --cpu=Cortex-M0 --apcs=interw
ork --depend=.\os_cpu_a.d -o.\os_cpu_a.o -IG:\my_study\stm32\ucosii\ucosii_led\
user\RTE -If:\Keil_v5\ARM\PACK\Keil\STM32F0xx_DFP\1.5.0\Device\Include -If:\Kei
l_v5\ARM\CMSIS\Include --predefine="__UVISION_VERSION SETA 515" --predefine="ST
M32F070xB SETA 1" --list=.\os_cpu_a.lst ..\uCOS-II\Ports\os_cpu_a.asm



ARM Macro Assembler    Page 1 Alphabetic symbol ordering
Relocatable symbols

.text 00000000

Symbol: .text
   Definitions
      At line 42 in file ..\uCOS-II\Ports\os_cpu_a.asm
   Uses
      None
Comment: .text unused
OSCtxSw 00000044

Symbol: OSCtxSw
   Definitions
      At line 153 in file ..\uCOS-II\Ports\os_cpu_a.asm
   Uses
      At line 38 in file ..\uCOS-II\Ports\os_cpu_a.asm
Comment: OSCtxSw used once
OSIntCtxSw 000000AC

Symbol: OSIntCtxSw
   Definitions
      At line 225 in file ..\uCOS-II\Ports\os_cpu_a.asm
   Uses
      At line 39 in file ..\uCOS-II\Ports\os_cpu_a.asm
Comment: OSIntCtxSw used once
OSStartHighRdy 0000000E

Symbol: OSStartHighRdy
   Definitions
      At line 106 in file ..\uCOS-II\Ports\os_cpu_a.asm
   Uses
      At line 37 in file ..\uCOS-II\Ports\os_cpu_a.asm
Comment: OSStartHighRdy used once
OS_CPU_SR_Restore 00000008

Symbol: OS_CPU_SR_Restore
   Definitions
      At line 85 in file ..\uCOS-II\Ports\os_cpu_a.asm
   Uses
      At line 36 in file ..\uCOS-II\Ports\os_cpu_a.asm
Comment: OS_CPU_SR_Restore used once
OS_CPU_SR_Save 00000000

Symbol: OS_CPU_SR_Save
   Definitions
      At line 79 in file ..\uCOS-II\Ports\os_cpu_a.asm
   Uses
      At line 35 in file ..\uCOS-II\Ports\os_cpu_a.asm
Comment: OS_CPU_SR_Save used once
__OS_IntExit 00000118

Symbol: __OS_IntExit
   Definitions
      At line 294 in file ..\uCOS-II\Ports\os_cpu_a.asm
   Uses
      None
Comment: __OS_IntExit unused
__OS_IntNesting 0000011C

Symbol: __OS_IntNesting



ARM Macro Assembler    Page 2 Alphabetic symbol ordering
Relocatable symbols

   Definitions
      At line 297 in file ..\uCOS-II\Ports\os_cpu_a.asm
   Uses
      None
Comment: __OS_IntNesting unused
__OS_PrioCur 00000120

Symbol: __OS_PrioCur
   Definitions
      At line 300 in file ..\uCOS-II\Ports\os_cpu_a.asm
   Uses
      At line 181 in file ..\uCOS-II\Ports\os_cpu_a.asm
      At line 253 in file ..\uCOS-II\Ports\os_cpu_a.asm

__OS_PrioHighRdy 00000124

Symbol: __OS_PrioHighRdy
   Definitions
      At line 303 in file ..\uCOS-II\Ports\os_cpu_a.asm
   Uses
      At line 182 in file ..\uCOS-II\Ports\os_cpu_a.asm
      At line 254 in file ..\uCOS-II\Ports\os_cpu_a.asm

__OS_Running 00000128

Symbol: __OS_Running
   Definitions
      At line 306 in file ..\uCOS-II\Ports\os_cpu_a.asm
   Uses
      At line 110 in file ..\uCOS-II\Ports\os_cpu_a.asm
Comment: __OS_Running used once
__OS_TCBCur 0000012C

Symbol: __OS_TCBCur
   Definitions
      At line 309 in file ..\uCOS-II\Ports\os_cpu_a.asm
   Uses
      At line 174 in file ..\uCOS-II\Ports\os_cpu_a.asm
      At line 186 in file ..\uCOS-II\Ports\os_cpu_a.asm
      At line 246 in file ..\uCOS-II\Ports\os_cpu_a.asm
      At line 258 in file ..\uCOS-II\Ports\os_cpu_a.asm

__OS_TCBHighRdy 00000130

Symbol: __OS_TCBHighRdy
   Definitions
      At line 312 in file ..\uCOS-II\Ports\os_cpu_a.asm
   Uses
      At line 115 in file ..\uCOS-II\Ports\os_cpu_a.asm
      At line 187 in file ..\uCOS-II\Ports\os_cpu_a.asm
      At line 259 in file ..\uCOS-II\Ports\os_cpu_a.asm

__OS_TaskSwHook 00000114

Symbol: __OS_TaskSwHook
   Definitions
      At line 291 in file ..\uCOS-II\Ports\os_cpu_a.asm
   Uses
      At line 107 in file ..\uCOS-II\Ports\os_cpu_a.asm



ARM Macro Assembler    Page 3 Alphabetic symbol ordering
Relocatable symbols

      At line 178 in file ..\uCOS-II\Ports\os_cpu_a.asm
      At line 250 in file ..\uCOS-II\Ports\os_cpu_a.asm

14 symbols



ARM Macro Assembler    Page 1 Alphabetic symbol ordering
External symbols

OSIntExit 00000000

Symbol: OSIntExit
   Definitions
      At line 31 in file ..\uCOS-II\Ports\os_cpu_a.asm
   Uses
      At line 295 in file ..\uCOS-II\Ports\os_cpu_a.asm
Comment: OSIntExit used once
OSIntNesting 00000000

Symbol: OSIntNesting
   Definitions
      At line 30 in file ..\uCOS-II\Ports\os_cpu_a.asm
   Uses
      At line 298 in file ..\uCOS-II\Ports\os_cpu_a.asm
Comment: OSIntNesting used once
OSPrioCur 00000000

Symbol: OSPrioCur
   Definitions
      At line 26 in file ..\uCOS-II\Ports\os_cpu_a.asm
   Uses
      At line 301 in file ..\uCOS-II\Ports\os_cpu_a.asm
Comment: OSPrioCur used once
OSPrioHighRdy 00000000

Symbol: OSPrioHighRdy
   Definitions
      At line 27 in file ..\uCOS-II\Ports\os_cpu_a.asm
   Uses
      At line 304 in file ..\uCOS-II\Ports\os_cpu_a.asm
Comment: OSPrioHighRdy used once
OSRunning 00000000

Symbol: OSRunning
   Definitions
      At line 25 in file ..\uCOS-II\Ports\os_cpu_a.asm
   Uses
      At line 307 in file ..\uCOS-II\Ports\os_cpu_a.asm
Comment: OSRunning used once
OSTCBCur 00000000

Symbol: OSTCBCur
   Definitions
      At line 28 in file ..\uCOS-II\Ports\os_cpu_a.asm
   Uses
      At line 310 in file ..\uCOS-II\Ports\os_cpu_a.asm
Comment: OSTCBCur used once
OSTCBHighRdy 00000000

Symbol: OSTCBHighRdy
   Definitions
      At line 29 in file ..\uCOS-II\Ports\os_cpu_a.asm
   Uses
      At line 313 in file ..\uCOS-II\Ports\os_cpu_a.asm
Comment: OSTCBHighRdy used once
OSTaskSwHook 00000000

Symbol: OSTaskSwHook



ARM Macro Assembler    Page 2 Alphabetic symbol ordering
External symbols

   Definitions
      At line 32 in file ..\uCOS-II\Ports\os_cpu_a.asm
   Uses
      At line 292 in file ..\uCOS-II\Ports\os_cpu_a.asm
Comment: OSTaskSwHook used once
8 symbols
354 symbols in table
